Detecting C [-std=c11] compiler features failed to compile with the following output:
Change Dir: /Users/maxim/Documents/Git Hub/Code_forces/Round #585 /Количество произведений/cmake-build-debug/CMakeFiles/CMakeTmp

Run Build Command(s):/usr/bin/make cmTC_b51df/fast 
/Applications/Xcode.app/Contents/Developer/usr/bin/make -f CMakeFiles/cmTC_b51df.dir/build.make CMakeFiles/cmTC_b51df.dir/build
make[1]: *** No rule to make target `/Users/maxim/Documents/Git Hub/Code_forces/Round\', needed by `CMakeFiles/cmTC_b51df.dir/feature_tests.c.o'.  Stop.
make: *** [cmTC_b51df/fast] Error 2



Detecting CXX [-std=c++1z] compiler features failed to compile with the following output:
Change Dir: /Users/maxim/Documents/Git Hub/Code_forces/Round #585 /Количество произведений/cmake-build-debug/CMakeFiles/CMakeTmp

Run Build Command(s):/usr/bin/make cmTC_785e1/fast 
/Applications/Xcode.app/Contents/Developer/usr/bin/make -f CMakeFiles/cmTC_785e1.dir/build.make CMakeFiles/cmTC_785e1.dir/build
make[1]: *** No rule to make target `/Users/maxim/Documents/Git Hub/Code_forces/Round\', needed by `CMakeFiles/cmTC_785e1.dir/feature_tests.cxx.o'.  Stop.
make: *** [cmTC_785e1/fast] Error 2



