Detecting C [-std=c11] compiler features failed to compile with the following output:
Change Dir: /Users/maxim/Documents/Git Hub/Code_forces/Educational Round #73/Игра 2048/cmake-build-debug/CMakeFiles/CMakeTmp

Run Build Command(s):/usr/bin/make cmTC_6512e/fast 
/Applications/Xcode.app/Contents/Developer/usr/bin/make -f CMakeFiles/cmTC_6512e.dir/build.make CMakeFiles/cmTC_6512e.dir/build
make[1]: *** No rule to make target `/Users/maxim/Documents/Git Hub/Code_forces/Educational Round\', needed by `CMakeFiles/cmTC_6512e.dir/feature_tests.c.o'.  Stop.
make: *** [cmTC_6512e/fast] Error 2



Detecting CXX [-std=c++1z] compiler features failed to compile with the following output:
Change Dir: /Users/maxim/Documents/Git Hub/Code_forces/Educational Round #73/Игра 2048/cmake-build-debug/CMakeFiles/CMakeTmp

Run Build Command(s):/usr/bin/make cmTC_7c1a9/fast 
/Applications/Xcode.app/Contents/Developer/usr/bin/make -f CMakeFiles/cmTC_7c1a9.dir/build.make CMakeFiles/cmTC_7c1a9.dir/build
make[1]: *** No rule to make target `/Users/maxim/Documents/Git Hub/Code_forces/Educational Round\', needed by `CMakeFiles/cmTC_7c1a9.dir/feature_tests.cxx.o'.  Stop.
make: *** [cmTC_7c1a9/fast] Error 2



