Detecting C [-std=c11] compiler features failed to compile with the following output:
Change Dir: /Users/maxim/Documents/Git Hub/Code_forces/Educational Round #73/untitled/cmake-build-debug/CMakeFiles/CMakeTmp

Run Build Command(s):/usr/bin/make cmTC_3d816/fast 
/Applications/Xcode.app/Contents/Developer/usr/bin/make -f CMakeFiles/cmTC_3d816.dir/build.make CMakeFiles/cmTC_3d816.dir/build
make[1]: *** No rule to make target `/Users/maxim/Documents/Git Hub/Code_forces/Educational Round\', needed by `CMakeFiles/cmTC_3d816.dir/feature_tests.c.o'.  Stop.
make: *** [cmTC_3d816/fast] Error 2



Detecting CXX [-std=c++1z] compiler features failed to compile with the following output:
Change Dir: /Users/maxim/Documents/Git Hub/Code_forces/Educational Round #73/untitled/cmake-build-debug/CMakeFiles/CMakeTmp

Run Build Command(s):/usr/bin/make cmTC_709b9/fast 
/Applications/Xcode.app/Contents/Developer/usr/bin/make -f CMakeFiles/cmTC_709b9.dir/build.make CMakeFiles/cmTC_709b9.dir/build
make[1]: *** No rule to make target `/Users/maxim/Documents/Git Hub/Code_forces/Educational Round\', needed by `CMakeFiles/cmTC_709b9.dir/feature_tests.cxx.o'.  Stop.
make: *** [cmTC_709b9/fast] Error 2



